[2022-07-18T14:05:11.452] [ERROR] default - MongoServerError: E11000 duplicate key error collection: ecommerce.usuarios index: username_1 dup key: { username: "fduhalde" }
    at C:\Users\duhaldefe\Desktop\Carrera Full Stack Coder\Coderhouse -Backend\Desafio Clase 38\node_modules\mongoose\node_modules\mongodb\lib\operations\insert.js:53:33
    at C:\Users\duhaldefe\Desktop\Carrera Full Stack Coder\Coderhouse -Backend\Desafio Clase 38\node_modules\mongoose\node_modules\mongodb\lib\cmap\connection_pool.js:277:25
    at C:\Users\duhaldefe\Desktop\Carrera Full Stack Coder\Coderhouse -Backend\Desafio Clase 38\node_modules\mongoose\node_modules\mongodb\lib\sdam\server.js:212:17
    at handleOperationResult (C:\Users\duhaldefe\Desktop\Carrera Full Stack Coder\Coderhouse -Backend\Desafio Clase 38\node_modules\mongoose\node_modules\mongodb\lib\sdam\server.js:335:20)
    at Connection.onMessage (C:\Users\duhaldefe\Desktop\Carrera Full Stack Coder\Coderhouse -Backend\Desafio Clase 38\node_modules\mongoose\node_modules\mongodb\lib\cmap\connection.js:222:9)
    at MessageStream.<anonymous> (C:\Users\duhaldefe\Desktop\Carrera Full Stack Coder\Coderhouse -Backend\Desafio Clase 38\node_modules\mongoose\node_modules\mongodb\lib\cmap\connection.js:63:60)
    at MessageStream.emit (node:events:390:28)
    at processIncomingData (C:\Users\duhaldefe\Desktop\Carrera Full Stack Coder\Coderhouse -Backend\Desafio Clase 38\node_modules\mongoose\node_modules\mongodb\lib\cmap\message_stream.js:132:20)
    at MessageStream._write (C:\Users\duhaldefe\Desktop\Carrera Full Stack Coder\Coderhouse -Backend\Desafio Clase 38\node_modules\mongoose\node_modules\mongodb\lib\cmap\message_stream.js:33:9)
    at writeOrBuffer (node:internal/streams/writable:389:12) {
  index: 0,
  code: 11000,
  keyPattern: { username: 1 },
  keyValue: { username: 'fduhalde' },
  [Symbol(errorLabels)]: Set(0) {}
}
[2022-07-25T15:02:35.147] [ERROR] default - Error: listen EADDRINUSE: address already in use :::3031
    at Server.setupListenHandle [as _listen2] (node:net:1334:16)
    at listenInCluster (node:net:1382:12)
    at Server.listen (node:net:1469:7)
    at Function.listen (C:\Users\duhaldefe\Desktop\Carrera Full Stack Coder\Coderhouse -Backend\Desafio Clase 40\node_modules\express\lib\application.js:635:24)
    at file:///C:/Users/duhaldefe/Desktop/Carrera%20Full%20Stack%20Coder/Coderhouse%20-Backend/Desafio%20Clase%2040/src/server.js:81:20
    at ModuleJob.run (node:internal/modules/esm/module_job:185:25)
    at async Promise.all (index 0)
    at async ESMLoader.import (node:internal/modules/esm/loader:281:24)
    at async loadESM (node:internal/process/esm_loader:88:5)
    at async handleMainPromise (node:internal/modules/run_main:65:12) {
  code: 'EADDRINUSE',
  errno: -4091,
  syscall: 'listen',
  address: '::',
  port: 3031
}
[2022-07-25T15:03:10.348] [ERROR] default - Error: listen EADDRINUSE: address already in use :::3031
    at Server.setupListenHandle [as _listen2] (node:net:1334:16)
    at listenInCluster (node:net:1382:12)
    at Server.listen (node:net:1469:7)
    at Function.listen (C:\Users\duhaldefe\Desktop\Carrera Full Stack Coder\Coderhouse -Backend\Desafio Clase 40\node_modules\express\lib\application.js:635:24)
    at file:///C:/Users/duhaldefe/Desktop/Carrera%20Full%20Stack%20Coder/Coderhouse%20-Backend/Desafio%20Clase%2040/src/server.js:81:20
    at ModuleJob.run (node:internal/modules/esm/module_job:185:25)
    at async Promise.all (index 0)
    at async ESMLoader.import (node:internal/modules/esm/loader:281:24)
    at async loadESM (node:internal/process/esm_loader:88:5)
    at async handleMainPromise (node:internal/modules/run_main:65:12) {
  code: 'EADDRINUSE',
  errno: -4091,
  syscall: 'listen',
  address: '::',
  port: 3031
}
[2022-07-25T15:03:48.174] [ERROR] default - Error: listen EADDRINUSE: address already in use :::3031
    at Server.setupListenHandle [as _listen2] (node:net:1334:16)
    at listenInCluster (node:net:1382:12)
    at Server.listen (node:net:1469:7)
    at Function.listen (C:\Users\duhaldefe\Desktop\Carrera Full Stack Coder\Coderhouse -Backend\Desafio Clase 40\node_modules\express\lib\application.js:635:24)
    at file:///C:/Users/duhaldefe/Desktop/Carrera%20Full%20Stack%20Coder/Coderhouse%20-Backend/Desafio%20Clase%2040/src/server.js:81:20
    at ModuleJob.run (node:internal/modules/esm/module_job:185:25)
    at async Promise.all (index 0)
    at async ESMLoader.import (node:internal/modules/esm/loader:281:24)
    at async loadESM (node:internal/process/esm_loader:88:5)
    at async handleMainPromise (node:internal/modules/run_main:65:12) {
  code: 'EADDRINUSE',
  errno: -4091,
  syscall: 'listen',
  address: '::',
  port: 3031
}
[2022-07-25T15:05:10.344] [ERROR] default - Error: listen EADDRINUSE: address already in use :::3031
    at Server.setupListenHandle [as _listen2] (node:net:1334:16)
    at listenInCluster (node:net:1382:12)
    at Server.listen (node:net:1469:7)
    at Function.listen (C:\Users\duhaldefe\Desktop\Carrera Full Stack Coder\Coderhouse -Backend\Desafio Clase 40\node_modules\express\lib\application.js:635:24)
    at file:///C:/Users/duhaldefe/Desktop/Carrera%20Full%20Stack%20Coder/Coderhouse%20-Backend/Desafio%20Clase%2040/src/server.js:81:20
    at ModuleJob.run (node:internal/modules/esm/module_job:185:25)
    at async Promise.all (index 0)
    at async ESMLoader.import (node:internal/modules/esm/loader:281:24)
    at async loadESM (node:internal/process/esm_loader:88:5)
    at async handleMainPromise (node:internal/modules/run_main:65:12) {
  code: 'EADDRINUSE',
  errno: -4091,
  syscall: 'listen',
  address: '::',
  port: 3031
}
[2022-08-01T13:10:50.874] [ERROR] default - CastError: Cast to ObjectId failed for value "non-existent-id" (type string) at path "_id" for model "productos"
    at model.Query.exec (C:\Users\duhaldefe\Desktop\Carrera Full Stack Coder\Coderhouse -Backend\Desafio Clase 40\node_modules\mongoose\lib\query.js:4786:21)
    at model.Query.Query.then (C:\Users\duhaldefe\Desktop\Carrera Full Stack Coder\Coderhouse -Backend\Desafio Clase 40\node_modules\mongoose\lib\query.js:4885:15) {
  messageFormat: undefined,
  stringValue: '"non-existent-id"',
  kind: 'ObjectId',
  value: 'non-existent-id',
  path: '_id',
  reason: BSONTypeError: Argument passed in must be a string of 12 bytes or a string of 24 hex characters or an integer
      at new BSONTypeError (C:\Users\duhaldefe\Desktop\Carrera Full Stack Coder\Coderhouse -Backend\Desafio Clase 40\node_modules\bson\lib\error.js:41:28)
      at new ObjectId (C:\Users\duhaldefe\Desktop\Carrera Full Stack Coder\Coderhouse -Backend\Desafio Clase 40\node_modules\bson\lib\objectid.js:67:23)
      at castObjectId (C:\Users\duhaldefe\Desktop\Carrera Full Stack Coder\Coderhouse -Backend\Desafio Clase 40\node_modules\mongoose\lib\cast\objectid.js:25:12)
      at ObjectId.cast (C:\Users\duhaldefe\Desktop\Carrera Full Stack Coder\Coderhouse -Backend\Desafio Clase 40\node_modules\mongoose\lib\schema\objectid.js:246:12)
      at ObjectId.SchemaType.applySetters (C:\Users\duhaldefe\Desktop\Carrera Full Stack Coder\Coderhouse -Backend\Desafio Clase 40\node_modules\mongoose\lib\schematype.js:1188:12)
      at ObjectId.SchemaType._castForQuery (C:\Users\duhaldefe\Desktop\Carrera Full Stack Coder\Coderhouse -Backend\Desafio Clase 40\node_modules\mongoose\lib\schematype.js:1622:15)
      at ObjectId.SchemaType.castForQuery (C:\Users\duhaldefe\Desktop\Carrera Full Stack Coder\Coderhouse -Backend\Desafio Clase 40\node_modules\mongoose\lib\schematype.js:1612:15)
      at ObjectId.SchemaType.castForQueryWrapper (C:\Users\duhaldefe\Desktop\Carrera Full Stack Coder\Coderhouse -Backend\Desafio Clase 40\node_modules\mongoose\lib\schematype.js:1589:20)
      at cast (C:\Users\duhaldefe\Desktop\Carrera Full Stack Coder\Coderhouse -Backend\Desafio Clase 40\node_modules\mongoose\lib\cast.js:344:32)
      at model.Query.Query.cast (C:\Users\duhaldefe\Desktop\Carrera Full Stack Coder\Coderhouse -Backend\Desafio Clase 40\node_modules\mongoose\lib\query.js:5208:12),
  valueType: 'string'
}
[2022-08-01T13:11:22.815] [ERROR] default - CastError: Cast to ObjectId failed for value "non-existent-id" (type string) at path "_id" for model "productos"
    at model.Query.exec (C:\Users\duhaldefe\Desktop\Carrera Full Stack Coder\Coderhouse -Backend\Desafio Clase 40\node_modules\mongoose\lib\query.js:4786:21)
    at model.Query.Query.then (C:\Users\duhaldefe\Desktop\Carrera Full Stack Coder\Coderhouse -Backend\Desafio Clase 40\node_modules\mongoose\lib\query.js:4885:15) {
  messageFormat: undefined,
  stringValue: '"non-existent-id"',
  kind: 'ObjectId',
  value: 'non-existent-id',
  path: '_id',
  reason: BSONTypeError: Argument passed in must be a string of 12 bytes or a string of 24 hex characters or an integer
      at new BSONTypeError (C:\Users\duhaldefe\Desktop\Carrera Full Stack Coder\Coderhouse -Backend\Desafio Clase 40\node_modules\bson\lib\error.js:41:28)
      at new ObjectId (C:\Users\duhaldefe\Desktop\Carrera Full Stack Coder\Coderhouse -Backend\Desafio Clase 40\node_modules\bson\lib\objectid.js:67:23)
      at castObjectId (C:\Users\duhaldefe\Desktop\Carrera Full Stack Coder\Coderhouse -Backend\Desafio Clase 40\node_modules\mongoose\lib\cast\objectid.js:25:12)
      at ObjectId.cast (C:\Users\duhaldefe\Desktop\Carrera Full Stack Coder\Coderhouse -Backend\Desafio Clase 40\node_modules\mongoose\lib\schema\objectid.js:246:12)
      at ObjectId.SchemaType.applySetters (C:\Users\duhaldefe\Desktop\Carrera Full Stack Coder\Coderhouse -Backend\Desafio Clase 40\node_modules\mongoose\lib\schematype.js:1188:12)
      at ObjectId.SchemaType._castForQuery (C:\Users\duhaldefe\Desktop\Carrera Full Stack Coder\Coderhouse -Backend\Desafio Clase 40\node_modules\mongoose\lib\schematype.js:1622:15)
      at ObjectId.SchemaType.castForQuery (C:\Users\duhaldefe\Desktop\Carrera Full Stack Coder\Coderhouse -Backend\Desafio Clase 40\node_modules\mongoose\lib\schematype.js:1612:15)
      at ObjectId.SchemaType.castForQueryWrapper (C:\Users\duhaldefe\Desktop\Carrera Full Stack Coder\Coderhouse -Backend\Desafio Clase 40\node_modules\mongoose\lib\schematype.js:1589:20)
      at cast (C:\Users\duhaldefe\Desktop\Carrera Full Stack Coder\Coderhouse -Backend\Desafio Clase 40\node_modules\mongoose\lib\cast.js:344:32)
      at model.Query.Query.cast (C:\Users\duhaldefe\Desktop\Carrera Full Stack Coder\Coderhouse -Backend\Desafio Clase 40\node_modules\mongoose\lib\query.js:5208:12),
  valueType: 'string'
}
