[2022-06-27T14:49:38.233] [ERROR] default - Error: listen EADDRINUSE: address already in use :::3030
    at Server.setupListenHandle [as _listen2] (node:net:1334:16)
    at listenInCluster (node:net:1382:12)
    at Server.listen (node:net:1469:7)
    at Function.listen (C:\Users\duhaldefe\Desktop\Carrera Full Stack Coder\Coderhouse -Backend\Desafio Clase 32\node_modules\express\lib\application.js:635:24)
    at file:///C:/Users/duhaldefe/Desktop/Carrera%20Full%20Stack%20Coder/Coderhouse%20-Backend/Desafio%20Clase%2032/src/server.js:81:20
    at ModuleJob.run (node:internal/modules/esm/module_job:185:25)
    at async Promise.all (index 0)
    at async ESMLoader.import (node:internal/modules/esm/loader:281:24)
    at async loadESM (node:internal/process/esm_loader:88:5)
    at async handleMainPromise (node:internal/modules/run_main:65:12) {
  code: 'EADDRINUSE',
  errno: -4091,
  syscall: 'listen',
  address: '::',
  port: 3030
}
[2022-06-27T14:53:20.724] [ERROR] default - Error: listen EADDRINUSE: address already in use :::3030
    at Server.setupListenHandle [as _listen2] (node:net:1334:16)
    at listenInCluster (node:net:1382:12)
    at Server.listen (node:net:1469:7)
    at Function.listen (C:\Users\duhaldefe\Desktop\Carrera Full Stack Coder\Coderhouse -Backend\Desafio Clase 32\node_modules\express\lib\application.js:635:24)
    at file:///C:/Users/duhaldefe/Desktop/Carrera%20Full%20Stack%20Coder/Coderhouse%20-Backend/Desafio%20Clase%2032/src/server.js:81:20
    at ModuleJob.run (node:internal/modules/esm/module_job:185:25)
    at async Promise.all (index 0)
    at async ESMLoader.import (node:internal/modules/esm/loader:281:24)
    at async loadESM (node:internal/process/esm_loader:88:5)
    at async handleMainPromise (node:internal/modules/run_main:65:12) {
  code: 'EADDRINUSE',
  errno: -4091,
  syscall: 'listen',
  address: '::',
  port: 3030
}
